<?xml version="1.0" encoding="UTF-8"?>
<testng-results skipped="0" failed="0" total="1" passed="1">
  <reporter-output>
  </reporter-output>
  <suite name="Default suite" duration-ms="27101" started-at="2019-07-19T13:55:39Z" finished-at="2019-07-19T13:56:06Z">
    <groups>
    </groups>
    <test name="Default test" duration-ms="27101" started-at="2019-07-19T13:55:39Z" finished-at="2019-07-19T13:56:06Z">
      <class name="testng.TestRemoveMapByIterator">
        <test-method status="PASS" signature="test()[pri:0, instance:testng.TestRemoveMapByIterator@77a57272]" name="test" duration-ms="27035" started-at="2019-07-19T13:55:39Z" finished-at="2019-07-19T13:56:06Z">
        </test-method> <!-- test -->
      </class> <!-- testng.TestRemoveMapByIterator -->
    </test> <!-- Default test -->
  </suite> <!-- Default suite -->
</testng-results>
